<?xml version="1.0" encoding="UTF-8"?>
<!-- Generated by org.testng.reporters.JUnitReportReporter -->
<testsuite hostname="LAPTOP-6CFCNL52" failures="0" tests="1" name="ExecutableTests.Register" time="0.000" errors="0" timestamp="2021-06-15T11:41:10 IST" skipped="1">
  <testcase classname="ExecutableTests.Register" name="Test1" time="0.000">
    <skipped/>
  </testcase> <!-- Test1 -->
  <system-out/>
</testsuite> <!-- ExecutableTests.Register -->
